{"/Users/ryandecoster/Desktop/FEC 130/Image-Gallery/client/src/components/App.jsx": {"path":"/Users/ryandecoster/Desktop/FEC 130/Image-Gallery/client/src/components/App.jsx","statementMap":{"0":{"start":{"line":9,"column":0},"end":{"line":9,"column":32}},"1":{"start":{"line":13,"column":4},"end":{"line":13,"column":17}},"2":{"start":{"line":14,"column":4},"end":{"line":17,"column":6}},"3":{"start":{"line":18,"column":4},"end":{"line":18,"column":43}},"4":{"start":{"line":19,"column":4},"end":{"line":19,"column":51}},"5":{"start":{"line":23,"column":4},"end":{"line":23,"column":19}},"6":{"start":{"line":29,"column":4},"end":{"line":39,"column":9}},"7":{"start":{"line":31,"column":8},"end":{"line":31,"column":35}},"8":{"start":{"line":32,"column":8},"end":{"line":32,"column":47}},"9":{"start":{"line":35,"column":8},"end":{"line":35,"column":27}},"10":{"start":{"line":38,"column":8},"end":{"line":38,"column":61}},"11":{"start":{"line":43,"column":4},"end":{"line":43,"column":55}},"12":{"start":{"line":44,"column":4},"end":{"line":44,"column":25}},"13":{"start":{"line":48,"column":4},"end":{"line":54,"column":6}}},"fnMap":{"0":{"name":"(anonymous_0)","decl":{"start":{"line":12,"column":2},"end":{"line":12,"column":3}},"loc":{"start":{"line":12,"column":21},"end":{"line":20,"column":3}},"line":12},"1":{"name":"(anonymous_1)","decl":{"start":{"line":22,"column":2},"end":{"line":22,"column":3}},"loc":{"start":{"line":22,"column":22},"end":{"line":24,"column":3}},"line":22},"2":{"name":"(anonymous_2)","decl":{"start":{"line":26,"column":2},"end":{"line":26,"column":3}},"loc":{"start":{"line":26,"column":14},"end":{"line":40,"column":3}},"line":26},"3":{"name":"(anonymous_3)","decl":{"start":{"line":30,"column":12},"end":{"line":30,"column":13}},"loc":{"start":{"line":30,"column":26},"end":{"line":33,"column":7}},"line":30},"4":{"name":"(anonymous_4)","decl":{"start":{"line":34,"column":12},"end":{"line":34,"column":13}},"loc":{"start":{"line":34,"column":18},"end":{"line":36,"column":7}},"line":34},"5":{"name":"(anonymous_5)","decl":{"start":{"line":37,"column":13},"end":{"line":37,"column":14}},"loc":{"start":{"line":37,"column":24},"end":{"line":39,"column":7}},"line":37},"6":{"name":"(anonymous_6)","decl":{"start":{"line":42,"column":2},"end":{"line":42,"column":3}},"loc":{"start":{"line":42,"column":16},"end":{"line":45,"column":3}},"line":42},"7":{"name":"(anonymous_7)","decl":{"start":{"line":47,"column":2},"end":{"line":47,"column":3}},"loc":{"start":{"line":47,"column":11},"end":{"line":55,"column":3}},"line":47}},"branchMap":{},"s":{"0":1,"1":4,"2":4,"3":4,"4":4,"5":6,"6":6,"7":0,"8":0,"9":0,"10":0,"11":0,"12":0,"13":4},"f":{"0":4,"1":6,"2":6,"3":0,"4":0,"5":0,"6":0,"7":4},"b":{},"_coverageSchema":"1a1c01bbd47fc00a2c39e90264f33305004495a9","hash":"dc48fd1a6ac05da2392b6d047ebc43ba6f6b12d6"}
,"/Users/ryandecoster/Desktop/FEC 130/Image-Gallery/client/src/components/Gallery.jsx": {"path":"/Users/ryandecoster/Desktop/FEC 130/Image-Gallery/client/src/components/Gallery.jsx","statementMap":{"0":{"start":{"line":6,"column":2},"end":{"line":13,"column":4}}},"fnMap":{"0":{"name":"Gallery","decl":{"start":{"line":5,"column":9},"end":{"line":5,"column":16}},"loc":{"start":{"line":5,"column":24},"end":{"line":14,"column":1}},"line":5}},"branchMap":{},"s":{"0":2},"f":{"0":2},"b":{},"_coverageSchema":"1a1c01bbd47fc00a2c39e90264f33305004495a9","hash":"abce6d37b6c8d3abaf08d84ec81ff492a8c1f0e7"}
,"/Users/ryandecoster/Desktop/FEC 130/Image-Gallery/client/src/components/LIkeShare.jsx": {"path":"/Users/ryandecoster/Desktop/FEC 130/Image-Gallery/client/src/components/LIkeShare.jsx","statementMap":{"0":{"start":{"line":3,"column":0},"end":{"line":3,"column":34}},"1":{"start":{"line":6,"column":2},"end":{"line":28,"column":4}}},"fnMap":{"0":{"name":"LikeShare","decl":{"start":{"line":5,"column":9},"end":{"line":5,"column":18}},"loc":{"start":{"line":5,"column":21},"end":{"line":29,"column":1}},"line":5}},"branchMap":{},"s":{"0":1,"1":5},"f":{"0":5},"b":{},"_coverageSchema":"1a1c01bbd47fc00a2c39e90264f33305004495a9","hash":"1cf96f6aa6832dfa922b8626d5eb844031f80ced"}
,"/Users/ryandecoster/Desktop/FEC 130/Image-Gallery/client/src/components/Gallery/GalleryContainer.jsx": {"path":"/Users/ryandecoster/Desktop/FEC 130/Image-Gallery/client/src/components/Gallery/GalleryContainer.jsx","statementMap":{"0":{"start":{"line":7,"column":4},"end":{"line":7,"column":17}},"1":{"start":{"line":8,"column":4},"end":{"line":10,"column":6}},"2":{"start":{"line":14,"column":15},"end":{"line":14,"column":25}},"3":{"start":{"line":15,"column":4},"end":{"line":30,"column":6}}},"fnMap":{"0":{"name":"(anonymous_0)","decl":{"start":{"line":6,"column":2},"end":{"line":6,"column":3}},"loc":{"start":{"line":6,"column":21},"end":{"line":11,"column":3}},"line":6},"1":{"name":"(anonymous_1)","decl":{"start":{"line":13,"column":2},"end":{"line":13,"column":3}},"loc":{"start":{"line":13,"column":11},"end":{"line":31,"column":3}},"line":13}},"branchMap":{},"s":{"0":5,"1":5,"2":5,"3":5},"f":{"0":5,"1":5},"b":{},"_coverageSchema":"1a1c01bbd47fc00a2c39e90264f33305004495a9","hash":"d5d75e62725a12b65658a9585c433ae6f478b2a0"}
,"/Users/ryandecoster/Desktop/FEC 130/Image-Gallery/client/src/components/Gallery/Image.jsx": {"path":"/Users/ryandecoster/Desktop/FEC 130/Image-Gallery/client/src/components/Gallery/Image.jsx","statementMap":{"0":{"start":{"line":5,"column":2},"end":{"line":9,"column":4}}},"fnMap":{"0":{"name":"Image","decl":{"start":{"line":4,"column":9},"end":{"line":4,"column":14}},"loc":{"start":{"line":4,"column":22},"end":{"line":10,"column":1}},"line":4}},"branchMap":{},"s":{"0":25},"f":{"0":25},"b":{},"_coverageSchema":"1a1c01bbd47fc00a2c39e90264f33305004495a9","hash":"131a68b4837a3b8bc202e9521a007464129d1198"}
}
