TN:
SF:client/src/components/App.jsx
FN:12,(anonymous_0)
FN:22,(anonymous_1)
FN:26,(anonymous_2)
FN:30,(anonymous_3)
FN:34,(anonymous_4)
FN:37,(anonymous_5)
FN:42,(anonymous_6)
FN:47,(anonymous_7)
FNF:8
FNH:4
FNDA:4,(anonymous_0)
FNDA:6,(anonymous_1)
FNDA:6,(anonymous_2)
FNDA:0,(anonymous_3)
FNDA:0,(anonymous_4)
FNDA:0,(anonymous_5)
FNDA:0,(anonymous_6)
FNDA:4,(anonymous_7)
DA:9,1
DA:13,4
DA:14,4
DA:18,4
DA:19,4
DA:23,6
DA:29,6
DA:31,0
DA:32,0
DA:35,0
DA:38,0
DA:43,0
DA:44,0
DA:48,4
LF:14
LH:8
BRF:0
BRH:0
end_of_record
TN:
SF:client/src/components/Gallery.jsx
FN:5,Gallery
FNF:1
FNH:1
FNDA:2,Gallery
DA:6,2
LF:1
LH:1
BRF:0
BRH:0
end_of_record
TN:
SF:client/src/components/LIkeShare.jsx
FN:5,LikeShare
FNF:1
FNH:1
FNDA:5,LikeShare
DA:3,1
DA:6,5
LF:2
LH:2
BRF:0
BRH:0
end_of_record
TN:
SF:client/src/components/Gallery/GalleryContainer.jsx
FN:6,(anonymous_0)
FN:13,(anonymous_1)
FNF:2
FNH:2
FNDA:5,(anonymous_0)
FNDA:5,(anonymous_1)
DA:7,5
DA:8,5
DA:14,5
DA:15,5
LF:4
LH:4
BRF:0
BRH:0
end_of_record
TN:
SF:client/src/components/Gallery/Image.jsx
FN:4,Image
FNF:1
FNH:1
FNDA:25,Image
DA:5,25
LF:1
LH:1
BRF:0
BRH:0
end_of_record
